<?xml version="1.0" encoding="UTF-8"?>
<testsuite name="com.intenthq.horseracing.domain.HorseTest" tests="2" skipped="0" failures="0" errors="0" timestamp="2014-12-25T16:03:51" hostname="mc-s071130.local" time="0.0010">
  <properties/>
  <testcase name="runShouldRunFirstTime" classname="com.intenthq.horseracing.domain.HorseTest" time="0.0"/>
  <testcase name="runShouldRunNormalCase" classname="com.intenthq.horseracing.domain.HorseTest" time="0.0"/>
  <system-out><![CDATA[]]></system-out>
  <system-err><![CDATA[]]></system-err>
</testsuite>
