<?xml version="1.0" encoding="UTF-8"?>
<testsuite name="com.intenthq.horseracing.factory.InputLinesReaderTest" tests="6" skipped="0" failures="0" errors="0" timestamp="2014-12-25T16:03:51" hostname="mc-s071130.local" time="0.0070">
  <properties/>
  <testcase name="shouldCreateListWhenOneLine" classname="com.intenthq.horseracing.factory.InputLinesReaderTest" time="0.0010"/>
  <testcase name="shouldThrowInvalidInputExceptionWhenException" classname="com.intenthq.horseracing.factory.InputLinesReaderTest" time="0.0010"/>
  <testcase name="shouldCreateListWhenManyLines" classname="com.intenthq.horseracing.factory.InputLinesReaderTest" time="0.0"/>
  <testcase name="shouldCreateListWhenSlashNInLineSeparator" classname="com.intenthq.horseracing.factory.InputLinesReaderTest" time="0.0"/>
  <testcase name="shouldCreateListWhenCarriageReturnInLineSeparator" classname="com.intenthq.horseracing.factory.InputLinesReaderTest" time="0.0"/>
  <testcase name="shouldTrimAndCreateListWhenManyLines" classname="com.intenthq.horseracing.factory.InputLinesReaderTest" time="0.0"/>
  <system-out><![CDATA[]]></system-out>
  <system-err><![CDATA[]]></system-err>
</testsuite>
