<?xml version="1.0" encoding="UTF-8"?>
<testsuite name="com.intenthq.horseracing.domain.RaceTest" tests="8" skipped="0" failures="0" errors="0" timestamp="2014-12-25T16:03:51" hostname="mc-s071130.local" time="0.065">
  <properties/>
  <testcase name="getHorseInLanesShouldReturnHorseWhenOnlyOneHorse" classname="com.intenthq.horseracing.domain.RaceTest" time="0.0"/>
  <testcase name="getHorseInLanesShouldThrowInvalidInputExceptionWhenNoHorseForLane" classname="com.intenthq.horseracing.domain.RaceTest" time="0.0"/>
  <testcase name="runHorseShouldGetAndRunHorse" classname="com.intenthq.horseracing.domain.RaceTest" time="0.045"/>
  <testcase name="runHorseShouldFreezeRaceWhenAHorseWins" classname="com.intenthq.horseracing.domain.RaceTest" time="0.0020"/>
  <testcase name="runHorseShouldFreezeRaceWhenAHorseWinsEdgeCase" classname="com.intenthq.horseracing.domain.RaceTest" time="0.0020"/>
  <testcase name="runHorseShouldNotFreezeRaceWhenNoHorseWins" classname="com.intenthq.horseracing.domain.RaceTest" time="0.0020"/>
  <testcase name="getResultShouldSortNormalCase" classname="com.intenthq.horseracing.domain.RaceTest" time="0.0040"/>
  <testcase name="getResultShouldSortWhenTwoHorsesHaveSameScore" classname="com.intenthq.horseracing.domain.RaceTest" time="0.0070"/>
  <system-out><![CDATA[]]></system-out>
  <system-err><![CDATA[]]></system-err>
</testsuite>
