<?xml version="1.0" encoding="UTF-8"?>
<testsuite name="com.intenthq.horseracing.domain.HoleTest" tests="6" skipped="0" failures="0" errors="0" timestamp="2014-12-25T16:03:51" hostname="mc-s071130.local" time="0.0050">
  <properties/>
  <testcase name="shouldCreateForFive" classname="com.intenthq.horseracing.domain.HoleTest" time="0.0"/>
  <testcase name="shouldCreateForTen" classname="com.intenthq.horseracing.domain.HoleTest" time="0.0"/>
  <testcase name="shouldCreateForTwenty" classname="com.intenthq.horseracing.domain.HoleTest" time="0.0"/>
  <testcase name="shouldCreateForForty" classname="com.intenthq.horseracing.domain.HoleTest" time="0.0"/>
  <testcase name="shouldCreateForSixty" classname="com.intenthq.horseracing.domain.HoleTest" time="0.0010"/>
  <testcase name="shouldThrowInvalidInputExceptionWhenInvalid" classname="com.intenthq.horseracing.domain.HoleTest" time="0.0"/>
  <system-out><![CDATA[]]></system-out>
  <system-err><![CDATA[]]></system-err>
</testsuite>
