<?xml version="1.0" encoding="UTF-8"?>
<testsuite name="com.intenthq.horseracing.HorseRacingControllerTest" tests="6" skipped="0" failures="0" errors="0" timestamp="2014-12-25T16:03:50" hostname="mc-s071130.local" time="0.553">
  <properties/>
  <testcase name="horseRacingShouldReturnTheViewContainingTheWordingOfTheExercise" classname="com.intenthq.horseracing.HorseRacingControllerTest" time="0.439"/>
  <testcase name="exerciseShouldReturnTheExerciseView" classname="com.intenthq.horseracing.HorseRacingControllerTest" time="0.1"/>
  <testcase name="exerciseWithNoInputShouldNotReturnOutput" classname="com.intenthq.horseracing.HorseRacingControllerTest" time="0.0020"/>
  <testcase name="exerciseWithInputShouldReturnSomeOutput" classname="com.intenthq.horseracing.HorseRacingControllerTest" time="0.0020"/>
  <testcase name="exerciseWithInputShouldAddTheInputToTheModel" classname="com.intenthq.horseracing.HorseRacingControllerTest" time="0.0020"/>
  <testcase name="exerciseWithInvalidInputShouldReturnValidation" classname="com.intenthq.horseracing.HorseRacingControllerTest" time="0.0040"/>
  <system-out><![CDATA[]]></system-out>
  <system-err><![CDATA[]]></system-err>
</testsuite>
