<?xml version="1.0" encoding="UTF-8"?>
<testsuite name="com.intenthq.horseracing.factory.RaceFactoryTest" tests="8" skipped="0" failures="0" errors="0" timestamp="2014-12-25T16:03:51" hostname="mc-s071130.local" time="0.084">
  <properties/>
  <testcase name="shouldThrowInvalidInputWhenInputIsNull" classname="com.intenthq.horseracing.factory.RaceFactoryTest" time="0.03"/>
  <testcase name="shouldThrowInvalidInputWhenInputIsEmpty" classname="com.intenthq.horseracing.factory.RaceFactoryTest" time="0.0030"/>
  <testcase name="shouldThrowInvalidInputExceptionWhenGetLinesThrows" classname="com.intenthq.horseracing.factory.RaceFactoryTest" time="0.025"/>
  <testcase name="shouldThrowInvalidInputWhenWrongBallToss" classname="com.intenthq.horseracing.factory.RaceFactoryTest" time="0.0030"/>
  <testcase name="shouldThrowInvalidInputWhenNoBallToss" classname="com.intenthq.horseracing.factory.RaceFactoryTest" time="0.0030"/>
  <testcase name="shouldCreateRaceWhenHappyPath" classname="com.intenthq.horseracing.factory.RaceFactoryTest" time="0.011"/>
  <testcase name="shouldStopRaceWhenFrozen" classname="com.intenthq.horseracing.factory.RaceFactoryTest" time="0.0050"/>
  <testcase name="shouldThrowInvalidInputExceptionWhenNoHorseCompletesRace" classname="com.intenthq.horseracing.factory.RaceFactoryTest" time="0.0030"/>
  <system-out><![CDATA[]]></system-out>
  <system-err><![CDATA[]]></system-err>
</testsuite>
